\BOOKMARK [1][-]{section.1}{\376\377\000I\000n\000t\000r\000o\000d\000u\000c\000t\000i\000o\000n}{}% 1
\BOOKMARK [2][-]{subsection.1.1}{\376\377\000P\000r\000\351\000a\000m\000b\000u\000l\000e\000\040\000p\000h\000i\000l\000o\000s\000o\000p\000h\000i\000q\000u\000e}{section.1}% 2
\BOOKMARK [3][-]{subsubsection.1.1.1}{\376\377\000P\000o\000s\000i\000t\000i\000o\000n\000\040\000d\000e\000\040\000p\000r\000i\000n\000c\000i\000p\000e\000\040\000s\000u\000r\000\040\000l\000'\000I\000A\000\040\000g\000\351\000n\000\351\000r\000a\000t\000i\000v\000e\000\040\000c\000o\000m\000m\000e\000\040\000o\000u\000t\000i\000l\000\040\000d\000a\000n\000s\000\040\000l\000e\000s\000\040\000m\000a\000i\000n\000s\000\040\000d\000e\000s\000\040\000\351\000l\000\350\000v\000e\000s}{subsection.1.1}% 3
\BOOKMARK [2][-]{subsection.1.2}{\376\377\000\311\000l\000\351\000m\000e\000n\000t\000s\000\040\000d\000e\000\040\000c\000o\000n\000t\000e\000x\000t\000e}{section.1}% 4
\BOOKMARK [3][-]{subsubsection.1.2.1}{\376\377\000C\000o\000n\000t\000e\000x\000t\000e\000\040\000i\000n\000s\000t\000i\000t\000u\000t\000i\000o\000n\000n\000e\000l}{subsection.1.2}% 5
\BOOKMARK [3][-]{subsubsection.1.2.2}{\376\377\000C\000o\000n\000t\000e\000x\000t\000e\000\040\000d\000i\000d\000a\000c\000t\000i\000q\000u\000e\000:\000\040\000s\000u\000r\000t\000o\000u\000t\000\040\000d\000e\000s\000\040\000h\000y\000p\000o\000t\000h\000\350\000s\000e\000s\000\040\000a\000p\000p\000u\000y\000\351\000e\000s\000\040\000p\000a\000r\000\040\000l\000a\000\040\000l\000i\000t\000t\000\351\000r\000a\000t\000u\000r\000e}{subsection.1.2}% 6
\BOOKMARK [2][-]{subsection.1.3}{\376\377\000O\000b\000j\000e\000c\000t\000i\000f\000s\000\040\000f\000o\000n\000c\000t\000i\000o\000n\000n\000e\000l\000s}{section.1}% 7
\BOOKMARK [3][-]{subsubsection.1.3.1}{\376\377\000B\000e\000s\000o\000i\000n\000\040\000d\000'\000u\000n\000\040\000g\000\351\000n\000\351\000r\000a\000t\000e\000u\000r\000\040\000d\000e\000\040\000c\000o\000d\000e\000\040\000e\000t\000\040\000d\000e\000\040\000q\000u\000e\000s\000t\000i\000o\000n\000s\000\040\000p\000e\000r\000t\000i\000n\000e\000n\000t\000e\000s}{subsection.1.3}% 8
\BOOKMARK [3][-]{subsubsection.1.3.2}{\376\377\000B\000e\000s\000o\000i\000n\000\040\000d\000'\000u\000n\000e\000\040\000s\000o\000r\000t\000e\000\040\000d\000'\000\351\000d\000i\000t\000e\000u\000r\000\040\000P\000y\000t\000h\000o\000n\000\040\000e\000n\000\040\000l\000i\000g\000n\000e}{subsection.1.3}% 9
\BOOKMARK [3][-]{subsubsection.1.3.3}{\376\377\000U\000n\000\040\000r\000e\000n\000d\000u\000\040\000l\000o\000g\000i\000g\000r\000a\000m\000m\000e}{subsection.1.3}% 10
\BOOKMARK [2][-]{subsection.1.4}{\376\377\000A\000p\000p\000l\000i\000c\000a\000t\000i\000o\000n\000s\000\040\000s\000i\000m\000i\000l\000a\000i\000r\000e\000s\000\040\000e\000t\000\040\000s\000o\000u\000r\000c\000e\000s\000\040\000d\000'\000i\000n\000s\000p\000i\000r\000a\000t\000i\000o\000n}{section.1}% 11
\BOOKMARK [3][-]{subsubsection.1.4.1}{\376\377\000D\000e\000s\000\040\000o\000u\000t\000i\000l\000s\000\040\000a\000u\000t\000e\000u\000r\000s}{subsection.1.4}% 12
\BOOKMARK [3][-]{subsubsection.1.4.2}{\376\377\000D\000e\000s\000\040\000c\000o\000u\000r\000s\000\040\000e\000t\000\040\000t\000u\000t\000o\000r\000i\000e\000l\000s\000\040\000e\000n\000\040\000l\000i\000g\000n\000e\000,\000\040\000f\000r\000a\000n\000c\000o\000p\000h\000o\000n\000e\000s}{subsection.1.4}% 13
\BOOKMARK [3][-]{subsubsection.1.4.3}{\376\377\000D\000e\000s\000\040\000I\000D\000E\000\040\000p\000\351\000d\000a\000g\000o\000g\000i\000q\000u\000e\000s}{subsection.1.4}% 14
\BOOKMARK [3][-]{subsubsection.1.4.4}{\376\377\000D\000e\000s\000\040\000d\000\351\000f\000i\000s\000\040\000p\000\351\000d\000a\000g\000o\000g\000i\000q\000u\000e\000s}{subsection.1.4}% 15
\BOOKMARK [3][-]{subsubsection.1.4.5}{\376\377\000D\000e\000s\000\040\000p\000l\000a\000t\000e\000f\000o\000r\000m\000e\000s\000\040\000p\000\351\000d\000a\000g\000o\000g\000i\000q\000u\000e\000s}{subsection.1.4}% 16
\BOOKMARK [3][-]{subsubsection.1.4.6}{\376\377\000D\000e\000s\000\040\000s\000o\000u\000r\000c\000e\000s\000\040\000d\000'\000i\000n\000s\000p\000i\000r\000a\000t\000i\000o\000n}{subsection.1.4}% 17
\BOOKMARK [3][-]{subsubsection.1.4.7}{\376\377\000D\000i\000f\000f\000\351\000r\000e\000n\000c\000i\000a\000t\000i\000o\000n\000\040\000e\000t\000\040\000a\000p\000p\000o\000r\000t\000\040\000d\000e\000\040\000n\000o\000t\000r\000e\000\040\000s\000o\000l\000u\000t\000i\000o\000n}{subsection.1.4}% 18
\BOOKMARK [1][-]{section.2}{\376\377\000L\000'\000o\000u\000t\000i\000l\000\040\000e\000t\000\040\000s\000e\000s\000\040\000f\000o\000n\000c\000t\000i\000o\000n\000n\000a\000l\000i\000t\000\351\000s}{}% 19
\BOOKMARK [2][-]{subsection.2.1}{\376\377\000F\000o\000n\000c\000t\000i\000o\000n\000n\000a\000l\000i\000t\000\351\000s\000\040\000p\000o\000u\000r\000\040\000l\000e\000s\000\040\000u\000t\000i\000l\000i\000s\000a\000t\000e\000u\000r\000s}{section.2}% 20
\BOOKMARK [2][-]{subsection.2.2}{\376\377\000C\000\364\000t\000\351\000\040\000c\000l\000i\000e\000n\000t\000\040\000:\000\040\000l\000'\000i\000n\000t\000e\000r\000f\000a\000c\000e\000\040\000e\000t\000\040\000l\000'\000a\000r\000c\000h\000i\000t\000e\000c\000t\000u\000r\000e\000\040\000l\000o\000g\000i\000c\000i\000e\000l\000l\000e}{section.2}% 21
\BOOKMARK [3][-]{subsubsection.2.2.1}{\376\377\000L\000e\000s\000\040\000i\000n\000t\000e\000r\000a\000c\000t\000i\000o\000n\000s\000\040\000e\000n\000t\000r\000e\000\040\000o\000b\000j\000e\000t\000s\000\040\000:\000\040\000e\000n\000t\000r\000e\000\040\000l\000e\000s\000\040\000c\000a\000r\000d\000s\000,\000\040\000e\000n\000t\000r\000e\000\040\000l\000e\000s\000\040\000d\000i\000v\000s\000.\000.\000.}{subsection.2.2}% 22
\BOOKMARK [3][-]{subsubsection.2.2.2}{\376\377\000L\000'\000i\000n\000t\000e\000r\000f\000a\000c\000e\000\040\000:\000\040\000s\000e\000s\000\040\000\351\000l\000\351\000m\000e\000n\000t\000s\000\040\000d\000e\000\040\000c\000h\000o\000i\000x\000\040\000p\000o\000u\000r\000\040\000l\000a\000\040\000c\000r\000\351\000a\000t\000i\000o\000n\000\040\000d\000'\000u\000n\000\040\000e\000x\000e\000r\000c\000i\000c\000e}{subsection.2.2}% 23
\BOOKMARK [3][-]{subsubsection.2.2.3}{\376\377\000U\000n\000\040\000o\000u\000t\000i\000l\000\040\000`\000`\000t\000o\000u\000t\000-\000e\000n\000-\000u\000n\000'\000'\000\040\000:\000\040\000f\000o\000n\000c\000t\000i\000o\000n\000n\000a\000l\000i\000t\000\351\000s\000\040\000a\000d\000d\000i\000t\000i\000o\000n\000n\000e\000l\000l\000e\000s}{subsection.2.2}% 24
\BOOKMARK [3][-]{subsubsection.2.2.4}{\376\377\000L\000e\000s\000\040\000t\000e\000c\000h\000n\000o\000l\000o\000g\000i\000e\000s\000\040\000e\000m\000p\000l\000o\000y\000\351\000e\000s\000\040\000c\000\364\000t\000\351\000\040\000c\000l\000i\000e\000n\000t}{subsection.2.2}% 25
\BOOKMARK [2][-]{subsection.2.3}{\376\377\000L\000'\000a\000r\000c\000h\000i\000t\000e\000c\000t\000u\000r\000e\000\040\000g\000l\000o\000b\000a\000l\000e\000\040\000\050\000e\000n\000\040\000c\000o\000u\000l\000i\000s\000s\000e\000\051}{section.2}% 26
\BOOKMARK [3][-]{subsubsection.2.3.1}{\376\377\000R\000\351\000s\000u\000m\000\351\000\040\000e\000n\000\040\000u\000n\000\040\000s\000c\000h\000\351\000m\000a\000\040\000g\000\351\000n\000\351\000r\000a\000l}{subsection.2.3}% 27
\BOOKMARK [3][-]{subsubsection.2.3.2}{\376\377\000R\000\351\000s\000u\000m\000\351\000\040\000e\000n\000\040\000q\000u\000a\000t\000r\000e\000\040\000p\000h\000r\000a\000s\000e\000s}{subsection.2.3}% 28
\BOOKMARK [1][-]{section.3}{\376\377\000P\000r\000\351\000s\000e\000n\000t\000a\000t\000i\000o\000n\000\040\000d\000e\000\040\000l\000a\000\040\000g\000\351\000n\000\351\000r\000a\000t\000i\000o\000n\000\040\000a\000u\000t\000o\000m\000a\000t\000i\000q\000u\000e\000\040\000d\000u\000\040\000c\000o\000d\000e}{}% 29
\BOOKMARK [2][-]{subsection.3.1}{\376\377\000O\000b\000j\000e\000c\000t\000i\000f\000s\000\040\000e\000t\000\040\000p\000r\000i\000n\000c\000i\000p\000e\000s\000\040\000d\000i\000r\000e\000c\000t\000e\000u\000r\000s\000\040\000d\000u\000\040\000g\000\351\000n\000\351\000r\000a\000t\000e\000u\000r}{section.3}% 30
\BOOKMARK [2][-]{subsection.3.2}{\376\377\000V\000u\000e\000\040\000d\000'\000e\000n\000s\000e\000m\000b\000l\000e\000\040\000d\000u\000\040\000p\000r\000o\000c\000e\000s\000s\000u\000s\000\040\000d\000e\000\040\000g\000\351\000n\000\351\000r\000a\000t\000i\000o\000n\000\040\000d\000e\000\040\000c\000o\000d\000e\000\040\000a\000l\000\351\000a\000t\000o\000i\000r\000e\000\040\000e\000t\000\040\000c\000o\000n\000t\000r\000\364\000l\000\351}{section.3}% 31
\BOOKMARK [2][-]{subsection.3.3}{\376\377\000L\000o\000g\000i\000q\000u\000e\000\040\000g\000\351\000n\000\351\000r\000a\000l\000e\000\040\000d\000e\000\040\000l\000a\000\040\000g\000\351\000n\000\351\000r\000a\000t\000i\000o\000n\000\040\000d\000e\000s\000\040\000s\000t\000r\000u\000c\000t\000u\000r\000e\000s}{section.3}% 32
\BOOKMARK [2][-]{subsection.3.4}{\376\377\000I\000m\000p\000l\000\351\000m\000e\000n\000t\000a\000t\000i\000o\000n\000s}{section.3}% 33
\BOOKMARK [3][-]{subsubsection.3.4.1}{\376\377\000'\000V\000a\000r\000s\000'\000\040\000\046\000\040\000'\000O\000p\000'\000\040\000:\000\040\000d\000\351\000c\000l\000a\000r\000a\000t\000i\000o\000n\000s\000\040\000e\000t\000\040\000o\000p\000\351\000r\000a\000t\000i\000o\000n\000s\000\040\000\351\000l\000\351\000m\000e\000n\000t\000a\000i\000r\000e\000s}{subsection.3.4}% 34
\BOOKMARK [3][-]{subsubsection.3.4.2}{\376\377\000'\000C\000t\000r\000l\000'\000:\000\040\000l\000e\000s\000\040\000s\000t\000r\000u\000c\000t\000u\000r\000e\000s\000\040\000c\000o\000n\000d\000i\000t\000i\000o\000n\000n\000e\000l\000l\000e\000s\000\040\000i\000f\000.\000.\000.\000\040\000e\000l\000i\000f\000.\000.\000.\000\040\000e\000l\000s\000e\000:}{subsection.3.4}% 35
\BOOKMARK [3][-]{subsubsection.3.4.3}{\376\377\000'\000L\000o\000o\000p\000'\000\040\000:\000\040\000l\000e\000s\000\040\000b\000o\000u\000c\000l\000e\000s\000\040\000f\000o\000r\000/\000w\000h\000i\000l\000e}{subsection.3.4}% 36
\BOOKMARK [3][-]{subsubsection.3.4.4}{\376\377\000C\000o\000n\000c\000r\000\351\000t\000i\000s\000a\000t\000i\000o\000n\000\040\000d\000'\000u\000n\000e\000\040\000g\000\351\000n\000\351\000r\000a\000t\000i\000o\000n\000\040\000d\000e\000\040\000f\000o\000n\000c\000t\000i\000o\000n\000\040\000:\000\040\000d\000\351\000f\000i\000n\000i\000t\000i\000o\000n\000\040\000e\000t\000\040\000a\000p\000p\000e\000l}{subsection.3.4}% 37
\BOOKMARK [2][-]{subsection.3.5}{\376\377\000C\000o\000n\000c\000l\000u\000s\000i\000o\000n\000\040\000s\000u\000r\000\040\000l\000e\000\040\000p\000r\000o\000c\000e\000s\000s\000u\000s\000\040\000d\000e\000\040\000g\000\351\000n\000\351\000r\000a\000t\000i\000o\000n\000\040\000d\000e\000\040\000c\000o\000d\000e}{section.3}% 38
\BOOKMARK [1][-]{section.4}{\376\377\000P\000r\000\351\000s\000e\000n\000t\000a\000t\000i\000o\000n\000\040\000d\000u\000\040\000t\000r\000a\000d\000u\000c\000t\000e\000u\000r\000\040\000a\000u\000t\000o\000m\000a\000t\000i\000q\000u\000e\000\040\000d\000e\000\040\000c\000o\000d\000e\000\040\000e\000n\000\040\000l\000o\000g\000i\000g\000r\000a\000m\000m\000e}{}% 39
\BOOKMARK [2][-]{subsection.4.1}{\376\377\000L\000'\000A\000S\000T\000\040\000P\000y\000t\000h\000o\000n}{section.4}% 40
\BOOKMARK [2][-]{subsection.4.2}{\376\377\000A\000S\000T\000,\000\040\000C\000F\000G\000,\000\040\000e\000t\000\040\000l\000o\000g\000i\000g\000r\000a\000m\000m\000e}{section.4}% 41
\BOOKMARK [2][-]{subsection.4.3}{\376\377\000P\000o\000u\000r\000q\000u\000o\000i\000\040\000P\000y\000C\000F\000G\000\040\000\050\000F\000u\000z\000z\000i\000n\000g\000\040\000B\000o\000o\000k\000\051\000\040\000\351\000t\000a\000i\000t\000\040\000u\000t\000i\000l\000e\000\040\000m\000a\000i\000s\000\040\000i\000n\000s\000u\000f\000f\000i\000s\000a\000n\000t\000\040\000p\000o\000u\000r\000\040\000n\000o\000s\000\040\000o\000b\000j\000e\000c\000t\000i\000f\000s}{section.4}% 42
\BOOKMARK [3][-]{subsubsection.4.3.1}{\376\377\000L\000e\000\040\000c\000h\000o\000i\000x\000\040\000d\000e\000\040\000l\000'\000A\000S\000T\000\040\000c\000o\000m\000m\000e\000\040\000s\000o\000u\000r\000c\000e\000\040\000d\000e\000\040\000v\000\351\000r\000i\000t\000\351}{subsection.4.3}% 43
\BOOKMARK [3][-]{subsubsection.4.3.2}{\376\377\000L\000e\000\040\000t\000e\000m\000p\000l\000a\000t\000e\000\040\000\050\000p\000a\000t\000r\000o\000n\000\040\000d\000e\000\040\000c\000o\000n\000c\000e\000p\000t\000i\000o\000n\000\051\000\040\000"\000V\000i\000s\000i\000t\000e\000u\000r\000"}{subsection.4.3}% 44
\BOOKMARK [2][-]{subsection.4.4}{\376\377\000V\000o\000c\000a\000b\000u\000l\000a\000i\000r\000e\000\040\000A\000S\000T\000\040\000e\000t\000\040\000s\000\351\000m\000a\000n\000t\000i\000q\000u\000e\000\040\000d\000e\000s\000\040\000n\001\123\000u\000d\000s\000\040\000d\000u\000\040\000C\000F\000G}{section.4}% 45
\BOOKMARK [2][-]{subsection.4.5}{\376\377\000P\000h\000i\000l\000o\000s\000o\000p\000h\000i\000e\000\040\000e\000t\000\040\000a\000r\000c\000h\000i\000t\000e\000c\000t\000u\000r\000e\000\040\000d\000e\000\040\000M\000y\000C\000F\000G\000.\000p\000y}{section.4}% 46
\BOOKMARK [2][-]{subsection.4.6}{\376\377\000F\000o\000n\000c\000t\000i\000o\000n\000n\000e\000m\000e\000n\000t\000\040\000d\000e\000\040\000l\000'\000a\000p\000p\000l\000i\000c\000a\000t\000i\000o\000n\000\040\000p\000o\000u\000r\000\040\000l\000a\000\040\000t\000r\000a\000d\000u\000c\000t\000i\000o\000n\000\040\000d\000e\000\040\000c\000o\000d\000e\000s\000\040\000e\000n\000\040\000l\000o\000g\000i\000g\000r\000a\000m\000m\000e}{section.4}% 47
\BOOKMARK [1][-]{section.5}{\376\377\000P\000r\000\351\000s\000e\000n\000t\000a\000t\000i\000o\000n\000\040\000d\000e\000s\000\040\000i\000n\000t\000e\000r\000a\000c\000t\000i\000o\000n\000s\000\040\000\351\000l\000\350\000v\000e\000s\000\040\000e\000t\000\040\000d\000e\000\040\000l\000e\000u\000r\000\040\000j\000o\000u\000r\000n\000a\000l\000i\000s\000a\000t\000i\000o\000n\000\040}{}% 48
\BOOKMARK [2][-]{subsection.5.1}{\376\377\000P\000r\000i\000n\000c\000i\000p\000e\000s\000\040\000d\000i\000r\000e\000c\000t\000e\000u\000r\000s\000\040\000d\000e\000\040\000l\000a\000\040\000c\000o\000l\000l\000e\000c\000t\000e\000\040\000d\000e\000\040\000d\000o\000n\000n\000\351\000e\000s}{section.5}% 49
\BOOKMARK [3][-]{subsubsection.5.1.1}{\376\377\000U\000n\000e\000\040\000b\000a\000s\000e\000\040\000d\000e\000\040\000d\000o\000n\000n\000\351\000e\000s\000\040\000\340\000\040\000d\000o\000u\000b\000l\000e\000\040\000v\000o\000c\000a\000t\000i\000o\000n\000\040\000p\000\351\000d\000a\000g\000o\000g\000i\000q\000u\000e\000\040\000e\000t\000\040\000d\000i\000d\000a\000c\000t\000i\000q\000u\000e}{subsection.5.1}% 50
\BOOKMARK [3][-]{subsubsection.5.1.2}{\376\377\000C\000o\000n\000t\000r\000a\000i\000n\000t\000e\000s\000\040\000t\000e\000c\000h\000n\000i\000q\000u\000e\000s\000\040\000e\000t\000\040\000\351\000t\000h\000i\000q\000u\000e\000s}{subsection.5.1}% 51
\BOOKMARK [3][-]{subsubsection.5.1.3}{\376\377\000U\000n\000e\000\040\000p\000r\000e\000u\000v\000e\000\040\000d\000e\000\040\000c\000o\000n\000c\000e\000p\000t\000\040\000e\000x\000t\000e\000n\000s\000i\000b\000l\000e}{subsection.5.1}% 52
\BOOKMARK [3][-]{subsubsection.5.1.4}{\376\377\000P\000r\000\351\000s\000e\000n\000t\000a\000t\000i\000o\000n\000\040\000v\000i\000s\000u\000e\000l\000l\000e\000\040\000d\000e\000\040\000l\000a\000\040\000c\000o\000l\000l\000e\000c\000t\000e\000\040\000d\000e\000\040\000d\000o\000n\000n\000\351\000e\000s\000\040\000e\000t\000\040\000d\000e\000s\000\040\000r\000e\000l\000a\000t\000i\000o\000n\000s}{subsection.5.1}% 53
\BOOKMARK [2][-]{subsection.5.2}{\376\377\000A\000r\000c\000h\000i\000t\000e\000c\000t\000u\000r\000e\000\040\000e\000t\000\040\000f\000l\000u\000x\000\040\000d\000e\000\040\000j\000o\000u\000r\000n\000a\000l\000i\000s\000a\000t\000i\000o\000n}{section.5}% 54
\BOOKMARK [3][-]{subsubsection.5.2.1}{\376\377\000D\000e\000s\000c\000r\000i\000p\000t\000i\000o\000n\000\040\000g\000\351\000n\000\351\000r\000a\000l\000e\000\040\000d\000e\000s\000\040\000\351\000t\000a\000p\000e\000s\000\040\000d\000'\000u\000n\000e\000\040\000j\000o\000u\000r\000n\000a\000l\000i\000s\000a\000t\000i\000o\000n}{subsection.5.2}% 55
\BOOKMARK [3][-]{subsubsection.5.2.2}{\376\377\000T\000y\000p\000e\000s\000\040\000d\000'\000\311\000v\000\351\000n\000e\000m\000e\000n\000t\000s\000\040\000J\000o\000u\000r\000n\000a\000l\000i\000s\000\351\000s}{subsection.5.2}% 56
\BOOKMARK [2][-]{subsection.5.3}{\376\377\000D\000e\000s\000c\000r\000i\000p\000t\000i\000o\000n\000\040\000d\000\351\000t\000a\000i\000l\000l\000\351\000e\000\040\000d\000e\000s\000\040\000\351\000t\000a\000p\000e\000s\000\040\000:\000\040\000s\000c\000\351\000n\000a\000r\000i\000o\000\040\000d\000'\000u\000n\000\040\000l\000a\000n\000c\000e\000m\000e\000n\000t\000\040\000d\000e\000\040\000l\000o\000g\000i\000g\000r\000a\000m\000m\000e\000\040\000e\000t\000\040\000d\000e\000\040\000d\000\351\000f\000i}{section.5}% 57
\BOOKMARK [2][-]{subsection.5.4}{\376\377\000V\000i\000s\000u\000a\000l\000i\000s\000a\000t\000i\000o\000n\000\040\000l\000o\000g\000i\000q\000u\000e\000\040\000e\000t\000\040\000e\000x\000h\000a\000u\000s\000t\000i\000v\000e\000\040\000d\000e\000\040\000l\000a\000\040\000j\000o\000u\000r\000n\000a\000l\000i\000s\000a\000t\000i\000o\000n}{section.5}% 58
\BOOKMARK [2][-]{subsection.5.5}{\376\377\000D\000\351\000f\000i\000s\000\040\000t\000e\000c\000h\000n\000i\000q\000u\000e\000s\000\040\000e\000t\000\040\000s\000o\000l\000u\000t\000i\000o\000n\000s\000\040\000i\000m\000p\000l\000\351\000m\000e\000n\000t\000\351\000e\000s}{section.5}% 59
\BOOKMARK [1][-]{section.6}{\376\377\000T\000r\000a\000v\000a\000u\000x\000\040\000f\000u\000t\000u\000r\000s\000,\000\040\000d\000i\000s\000c\000u\000s\000s\000i\000o\000n\000s\000\040\000e\000t\000\040\000c\000o\000n\000c\000l\000u\000s\000i\000o\000n\000s}{}% 60
\BOOKMARK [2][-]{subsection.6.1}{\376\377\000D\000e\000s\000\040\000o\000r\000i\000e\000n\000t\000a\000t\000i\000o\000n\000s\000\040\000d\000e\000\040\000r\000e\000c\000h\000e\000r\000c\000h\000e\000\040\000q\000u\000i\000\040\000p\000o\000u\000r\000r\000a\000i\000e\000n\000t\000\040\000\352\000t\000r\000e\000\040\000s\000o\000u\000t\000e\000n\000u\000e\000s\000\040\000p\000a\000r\000\040\000n\000o\000t\000r\000e\000\040\000o\000u\000t\000i\000l}{section.6}% 61
\BOOKMARK [3][-]{subsubsection.6.1.1}{\376\377\000L\000a\000\040\000q\000u\000e\000s\000t\000i\000o\000n\000\040\000d\000e\000s\000\040\000i\000n\000d\000i\000c\000a\000t\000e\000u\000r\000s\000\040\000p\000e\000r\000t\000i\000n\000e\000n\000t\000s}{subsection.6.1}% 62
\BOOKMARK [3][-]{subsubsection.6.1.2}{\376\377\000D\000e\000s\000\040\000q\000u\000e\000s\000t\000i\000o\000n\000s\000\040\000\351\000p\000i\000s\000t\000\351\000m\000o\000l\000o\000g\000i\000q\000u\000e\000s\000\040\000r\000e\000n\000d\000u\000e\000s\000\040\000e\000m\000p\000i\000r\000i\000q\000u\000e\000s}{subsection.6.1}% 63
\BOOKMARK [2][-]{subsection.6.2}{\376\377\000D\000e\000s\000\040\000i\000d\000\351\000e\000s\000\040\000a\000b\000a\000n\000d\000o\000n\000n\000\351\000e\000s\000\040\000p\000a\000r\000\040\000m\000a\000n\000q\000u\000e\000\040\000d\000e\000\040\000t\000e\000m\000p\000s}{section.6}% 64
\BOOKMARK [2][-]{subsection.6.3}{\376\377\000T\000r\000a\000v\000a\000u\000x\000\040\000p\000o\000u\000r\000\040\000a\000m\000\351\000l\000i\000o\000r\000e\000r\000\040\000l\000'\000a\000p\000p\000r\000o\000c\000h\000e\000\040\000a\000c\000t\000u\000e\000l\000l\000e}{section.6}% 65
\BOOKMARK [2][-]{subsection.6.4}{\376\377\000\040\000D\000e\000s\000\040\000r\000\351\000p\000o\000n\000s\000e\000s\000\040\000a\000u\000x\000\040\000c\000r\000i\000t\000i\000q\000u\000e\000s\000\040\000l\000e\000s\000\040\000p\000l\000u\000s\000\040\000p\000r\000o\000b\000a\000b\000l\000e\000s}{section.6}% 66
\BOOKMARK [2][-]{subsection.6.5}{\376\377\000T\000r\000a\000v\000a\000u\000x\000\040\000p\000o\000u\000r\000\040\000u\000n\000e\000\040\000n\000o\000u\000v\000e\000l\000l\000e\000\040\000a\000p\000p\000r\000o\000c\000h\000e\000\040\000d\000e\000\040\000g\000\351\000n\000\351\000r\000a\000t\000i\000o\000n\000\040\000d\000e\000\040\000c\000o\000d\000e}{section.6}% 67
\BOOKMARK [1][-]{section.7}{\376\377\000A\000n\000n\000e\000x\000e\000s}{}% 68
\BOOKMARK [2][-]{subsection.7.1}{\376\377\000C\000h\000e\000c\000k\000-\000l\000i\000s\000t\000\040\000d\000e\000\040\000c\000o\000n\000v\000i\000v\000i\000a\000l\000i\000t\000\351\000\040\000a\000u\000\040\000s\000e\000n\000s\000\040\000d\000'\000I\000l\000l\000i\000c\000h\000\040\000p\000o\000u\000r\000\040\000u\000n\000\040\000s\000e\000r\000v\000i\000c\000e\000\040\000n\000u\000m\000\351\000r\000i\000q\000u\000e\000\040\000e\000t\000\040\000i\000n\000v\000i\000t\000a\000t\000i\000o\000n\000\040\000\340\000\040\000l\000a\000\040\000r\000\351\000f\000l\000e\000x\000i\000o\000n}{section.7}% 69
\BOOKMARK [2][-]{subsection.7.2}{\376\377\000D\000o\000c\000u\000m\000e\000n\000t\000a\000t\000i\000o\000n\000\040\000t\000e\000c\000h\000n\000i\000q\000u\000e}{section.7}% 70
\BOOKMARK [3][-]{subsubsection.7.2.1}{\376\377\000D\000o\000c\000u\000m\000e\000n\000t\000a\000t\000i\000o\000n\000\040\000T\000e\000c\000h\000n\000i\000q\000u\000e\000\040\000d\000u\000\040\000G\000\351\000n\000\351\000r\000a\000t\000e\000u\000r\000\040\000d\000e\000\040\000c\000o\000d\000e}{subsection.7.2}% 71
\BOOKMARK [3][-]{subsubsection.7.2.2}{\376\377\000D\000o\000c\000u\000m\000e\000n\000t\000a\000t\000i\000o\000n\000\040\000t\000e\000c\000h\000n\000i\000q\000u\000e\000\040\000d\000e\000\040\000l\000'\000i\000m\000p\000l\000\351\000m\000e\000n\000t\000a\000t\000i\000o\000n\000\040\000M\000y\000C\000F\000G\000.\000p\000y}{subsection.7.2}% 72
\BOOKMARK [3][-]{subsubsection.7.2.3}{\376\377\000C\000o\000m\000p\000a\000r\000a\000i\000s\000o\000n\000:\000\040\000M\000y\000C\000F\000G\000\040\000!\000=\000\040\000P\000y\000C\000F\000G}{subsection.7.2}% 73
\BOOKMARK [3][-]{subsubsection.7.2.4}{\376\377\000D\000o\000c\000u\000m\000e\000n\000t\000a\000t\000i\000o\000n\000\040\000t\000e\000c\000h\000n\000i\000q\000u\000e\000\040\000d\000e\000\040\000l\040\031\000i\000m\000p\000l\000\351\000m\000e\000n\000t\000a\000t\000i\000o\000n\000\040\000M\000y\000C\000F\000G\000.\000p\000y}{subsection.7.2}% 74
\BOOKMARK [2][-]{subsection.7.3}{\376\377\000D\000o\000c\000u\000m\000e\000n\000t\000a\000t\000i\000o\000n\000\040\000d\000e\000s\000\040\000m\000o\000d\000i\000f\000s\000\040\000U\000I\000\040\000d\000u\000\040\0002\0004\000/\0000\0006\000/\0002\0005}{section.7}% 75
\BOOKMARK [2][-]{subsection.7.4}{\376\377\000D\000o\000c\000u\000m\000e\000n\000t\000a\000t\000i\000o\000n\000\040\000d\000e\000s\000\040\000m\000o\000d\000i\000f\000s\000\040\000c\000o\000d\000e\000-\000g\000e\000n\000e\000r\000a\000t\000o\000r\000.\000j\000s\000\040\000d\000u\000\040\0003\0000\000/\0000\0006\000/\0002\0005}{section.7}% 76
\BOOKMARK [2][-]{subsection.7.5}{\376\377\000P\000r\000i\000n\000c\000i\000p\000a\000l\000e\000s\000\040\000f\000o\000n\000c\000t\000i\000o\000n\000s\000\040\000d\000e\000\040\000g\000\351\000n\000\351\000r\000a\000t\000i\000o\000n\000\040}{section.7}% 77
\BOOKMARK [2][-]{subsection.7.6}{\376\377\000S\000t\000r\000a\000t\000\351\000g\000i\000e\000\040\000a\000c\000t\000u\000e\000l\000l\000e\000\040\000d\000e\000\040\000g\000e\000s\000t\000i\000o\000n\000\040\000d\000e\000s\000\040\000v\000a\000r\000i\000a\000b\000l\000e\000s}{section.7}% 78
\BOOKMARK [2][-]{subsection.7.7}{\376\377\000S\000o\000l\000u\000t\000i\000o\000n\000s\000\040\000p\000r\000o\000p\000o\000s\000\351\000e\000s}{section.7}% 79
